  sample.cpp
C:\Users\yuanq\Downloads\CS550proj\qx_final\sample.cpp(341,13): warning C4244: 'initializing': conversion from 'double' to 'float', possible loss of data
C:\Users\yuanq\Downloads\CS550proj\qx_final\sample.cpp(342,12): warning C4244: 'initializing': conversion from 'double' to 'float', possible loss of data
C:\Users\yuanq\Downloads\CS550proj\qx_final\sample.cpp(343,11): warning C4244: 'initializing': conversion from 'double' to 'float', possible loss of data
C:\Users\yuanq\Downloads\CS550proj\qx_final\sample.cpp(346,14): warning C4244: 'initializing': conversion from 'double' to 'float', possible loss of data
C:\Users\yuanq\Downloads\CS550proj\qx_final\sample.cpp(347,12): warning C4244: 'initializing': conversion from 'double' to 'float', possible loss of data
C:\Users\yuanq\Downloads\CS550proj\qx_final\sample.cpp(348,12): warning C4244: 'initializing': conversion from 'double' to 'float', possible loss of data
C:\Users\yuanq\Downloads\CS550proj\qx_final\sample.cpp(356,24): warning C4244: '=': conversion from 'double' to 'float', possible loss of data
C:\Users\yuanq\Downloads\CS550proj\qx_final\sample.cpp(357,29): warning C4244: '=': conversion from 'double' to 'float', possible loss of data
C:\Users\yuanq\Downloads\CS550proj\qx_final\sample.cpp(441,51): warning C4244: 'argument': conversion from 'double' to 'GLfloat', possible loss of data
C:\Users\yuanq\Downloads\CS550proj\qx_final\sample.cpp(441,16): warning C4244: 'argument': conversion from 'double' to 'GLfloat', possible loss of data
C:\Users\yuanq\Downloads\CS550proj\qx_final\sample.cpp(452,52): warning C4244: 'argument': conversion from 'double' to 'GLfloat', possible loss of data
C:\Users\yuanq\Downloads\CS550proj\qx_final\sample.cpp(452,16): warning C4244: 'argument': conversion from 'double' to 'GLfloat', possible loss of data
C:\Users\yuanq\Downloads\CS550proj\qx_final\sample.cpp(463,52): warning C4244: 'argument': conversion from 'double' to 'GLfloat', possible loss of data
C:\Users\yuanq\Downloads\CS550proj\qx_final\sample.cpp(463,16): warning C4244: 'argument': conversion from 'double' to 'GLfloat', possible loss of data
C:\Users\yuanq\Downloads\CS550proj\qx_final\sample.cpp(472,18): warning C4244: 'initializing': conversion from 'double' to 'float', possible loss of data
C:\Users\yuanq\Downloads\CS550proj\qx_final\sample.cpp(478,43): warning C4244: 'argument': conversion from 'double' to 'GLfloat', possible loss of data
C:\Users\yuanq\Downloads\CS550proj\qx_final\sample.cpp(478,17): warning C4244: 'argument': conversion from 'double' to 'GLfloat', possible loss of data
C:\Users\yuanq\Downloads\CS550proj\qx_final\sample.cpp(481,43): warning C4244: 'argument': conversion from 'double' to 'GLfloat', possible loss of data
C:\Users\yuanq\Downloads\CS550proj\qx_final\sample.cpp(481,17): warning C4244: 'argument': conversion from 'double' to 'GLfloat', possible loss of data
C:\Users\yuanq\Downloads\CS550proj\qx_final\sample.cpp(484,55): warning C4244: 'argument': conversion from 'double' to 'GLfloat', possible loss of data
C:\Users\yuanq\Downloads\CS550proj\qx_final\sample.cpp(484,17): warning C4244: 'argument': conversion from 'double' to 'GLfloat', possible loss of data
C:\Users\yuanq\Downloads\CS550proj\qx_final\sample.cpp(487,55): warning C4244: 'argument': conversion from 'double' to 'GLfloat', possible loss of data
C:\Users\yuanq\Downloads\CS550proj\qx_final\sample.cpp(487,17): warning C4244: 'argument': conversion from 'double' to 'GLfloat', possible loss of data
C:\Users\yuanq\Downloads\CS550proj\qx_final\sample.cpp(495,29): warning C4305: 'initializing': truncation from 'double' to 'float'
C:\Users\yuanq\Downloads\CS550proj\qx_final\sample.cpp(496,20): warning C4305: 'initializing': truncation from 'double' to 'float'
C:\Users\yuanq\Downloads\CS550proj\qx_final\sample.cpp(502,12): warning C4244: '=': conversion from 'double' to 'float', possible loss of data
C:\Users\yuanq\Downloads\CS550proj\qx_final\sample.cpp(504,12): warning C4244: '=': conversion from 'double' to 'float', possible loss of data
C:\Users\yuanq\Downloads\CS550proj\qx_final\sample.cpp(507,12): warning C4244: '=': conversion from 'double' to 'float', possible loss of data
C:\Users\yuanq\Downloads\CS550proj\qx_final\sample.cpp(509,12): warning C4244: '=': conversion from 'double' to 'float', possible loss of data
C:\Users\yuanq\Downloads\CS550proj\qx_final\sample.cpp(510,26): warning C4244: '=': conversion from 'double' to 'float', possible loss of data
C:\Users\yuanq\Downloads\CS550proj\qx_final\sample.cpp(512,12): warning C4244: '=': conversion from 'double' to 'float', possible loss of data
C:\Users\yuanq\Downloads\CS550proj\qx_final\sample.cpp(514,12): warning C4244: '=': conversion from 'double' to 'float', possible loss of data
C:\Users\yuanq\Downloads\CS550proj\qx_final\sample.cpp(517,12): warning C4244: '=': conversion from 'double' to 'float', possible loss of data
C:\Users\yuanq\Downloads\CS550proj\qx_final\sample.cpp(519,12): warning C4244: '=': conversion from 'double' to 'float', possible loss of data
C:\Users\yuanq\Downloads\CS550proj\qx_final\sample.cpp(747,39): warning C4244: '=': conversion from 'int' to 'float', possible loss of data
C:\Users\yuanq\Downloads\CS550proj\qx_final\sample.cpp(748,39): warning C4244: '=': conversion from 'int' to 'float', possible loss of data
C:\Users\yuanq\Downloads\CS550proj\qx_final\sample.cpp(749,39): warning C4244: '=': conversion from 'int' to 'float', possible loss of data
C:\Users\yuanq\Downloads\CS550proj\qx_final\sample.cpp(750,45): warning C4244: 'argument': conversion from 'double' to 'int', possible loss of data
C:\Users\yuanq\Downloads\CS550proj\qx_final\sample.cpp(750,39): warning C4244: 'argument': conversion from 'double' to 'int', possible loss of data
C:\Users\yuanq\Downloads\CS550proj\qx_final\sample.cpp(888,60): warning C4305: 'argument': truncation from 'double' to 'float'
C:\Users\yuanq\Downloads\CS550proj\qx_final\sample.cpp(895,62): warning C4244: 'argument': conversion from 'double' to 'float', possible loss of data
C:\Users\yuanq\Downloads\CS550proj\qx_final\sample.cpp(897,62): warning C4244: 'argument': conversion from 'double' to 'float', possible loss of data
C:\Users\yuanq\Downloads\CS550proj\qx_final\sample.cpp(898,63): warning C4244: 'argument': conversion from 'double' to 'float', possible loss of data
C:\Users\yuanq\Downloads\CS550proj\qx_final\sample.cpp(932,51): warning C4244: 'argument': conversion from 'double' to 'GLfloat', possible loss of data
C:\Users\yuanq\Downloads\CS550proj\qx_final\sample.cpp(1014,45): warning C4244: 'argument': conversion from 'double' to 'GLfloat', possible loss of data
C:\Users\yuanq\Downloads\CS550proj\qx_final\sample.cpp(1027,45): warning C4244: 'argument': conversion from 'double' to 'GLfloat', possible loss of data
C:\Users\yuanq\Downloads\CS550proj\qx_final\sample.cpp(1037,45): warning C4244: 'argument': conversion from 'double' to 'GLfloat', possible loss of data
C:\Users\yuanq\Downloads\CS550proj\qx_final\sample.cpp(1051,45): warning C4244: 'argument': conversion from 'double' to 'GLfloat', possible loss of data
C:\Users\yuanq\Downloads\CS550proj\qx_final\sample.cpp(1064,45): warning C4244: 'argument': conversion from 'double' to 'GLfloat', possible loss of data
C:\Users\yuanq\Downloads\CS550proj\qx_final\sample.cpp(1077,45): warning C4244: 'argument': conversion from 'double' to 'GLfloat', possible loss of data
C:\Users\yuanq\Downloads\CS550proj\qx_final\sample.cpp(1088,19): warning C4305: 'argument': truncation from 'double' to 'float'
C:\Users\yuanq\Downloads\CS550proj\qx_final\sample.cpp(1091,66): warning C4305: 'argument': truncation from 'double' to 'float'
C:\Users\yuanq\Downloads\CS550proj\qx_final\sample.cpp(1091,45): warning C4244: 'argument': conversion from 'double' to 'GLfloat', possible loss of data
C:\Users\yuanq\Downloads\CS550proj\qx_final\sample.cpp(1093,29): warning C4305: 'argument': truncation from 'double' to 'GLfloat'
C:\Users\yuanq\Downloads\CS550proj\qx_final\sample.cpp(1094,31): warning C4305: 'argument': truncation from 'double' to 'GLfloat'
C:\Users\yuanq\Downloads\CS550proj\qx_final\sample.cpp(1102,19): warning C4305: 'argument': truncation from 'double' to 'float'
C:\Users\yuanq\Downloads\CS550proj\qx_final\sample.cpp(1105,66): warning C4305: 'argument': truncation from 'double' to 'float'
C:\Users\yuanq\Downloads\CS550proj\qx_final\sample.cpp(1105,45): warning C4244: 'argument': conversion from 'double' to 'GLfloat', possible loss of data
C:\Users\yuanq\Downloads\CS550proj\qx_final\sample.cpp(1107,29): warning C4305: 'argument': truncation from 'double' to 'GLfloat'
C:\Users\yuanq\Downloads\CS550proj\qx_final\sample.cpp(1115,19): warning C4305: 'argument': truncation from 'double' to 'float'
C:\Users\yuanq\Downloads\CS550proj\qx_final\sample.cpp(1118,66): warning C4305: 'argument': truncation from 'double' to 'float'
C:\Users\yuanq\Downloads\CS550proj\qx_final\sample.cpp(1118,45): warning C4244: 'argument': conversion from 'double' to 'GLfloat', possible loss of data
C:\Users\yuanq\Downloads\CS550proj\qx_final\sample.cpp(1120,29): warning C4305: 'argument': truncation from 'double' to 'GLfloat'
C:\Users\yuanq\Downloads\CS550proj\qx_final\sample.cpp(1133,24): warning C4305: 'argument': truncation from 'double' to 'GLfloat'
C:\Users\yuanq\Downloads\CS550proj\qx_final\sample.cpp(1896,46): warning C4244: 'argument': conversion from 'double' to 'GLfloat', possible loss of data
C:\Users\yuanq\Downloads\CS550proj\qx_final\sample.cpp(1896,18): warning C4244: 'argument': conversion from 'double' to 'GLfloat', possible loss of data
C:\Users\yuanq\Downloads\CS550proj\qx_final\sample.cpp(1897,52): warning C4244: 'argument': conversion from 'double' to 'GLfloat', possible loss of data
C:\Users\yuanq\Downloads\CS550proj\qx_final\sample.cpp(1897,18): warning C4244: 'argument': conversion from 'double' to 'GLfloat', possible loss of data
C:\Users\yuanq\Downloads\CS550proj\qx_final\sample.cpp(1906,54): warning C4244: 'argument': conversion from 'double' to 'GLfloat', possible loss of data
C:\Users\yuanq\Downloads\CS550proj\qx_final\sample.cpp(1906,20): warning C4244: 'argument': conversion from 'double' to 'GLfloat', possible loss of data
C:\Users\yuanq\Downloads\CS550proj\qx_final\sample.cpp(1907,51): warning C4244: 'argument': conversion from 'double' to 'GLfloat', possible loss of data
C:\Users\yuanq\Downloads\CS550proj\qx_final\sample.cpp(1907,18): warning C4244: 'argument': conversion from 'double' to 'GLfloat', possible loss of data
C:\Users\yuanq\Downloads\CS550proj\qx_final\sample.cpp(2026,19): warning C4305: '+=': truncation from 'double' to 'float'
C:\Users\yuanq\Downloads\CS550proj\qx_final\sample.cpp(2035,19): warning C4305: '-=': truncation from 'double' to 'float'
C:\Users\yuanq\Downloads\CS550proj\qx_final\sample.cpp(2044,19): warning C4305: '+=': truncation from 'double' to 'float'
C:\Users\yuanq\Downloads\CS550proj\qx_final\sample.cpp(2053,19): warning C4305: '-=': truncation from 'double' to 'float'
C:\Users\yuanq\Downloads\CS550proj\qx_final\sample.cpp(2062,19): warning C4305: '+=': truncation from 'double' to 'float'
C:\Users\yuanq\Downloads\CS550proj\qx_final\sample.cpp(2071,19): warning C4305: '-=': truncation from 'double' to 'float'
C:\Users\yuanq\Downloads\CS550proj\qx_final\sample.cpp(2387,10): warning C4244: 'initializing': conversion from 'double' to 'float', possible loss of data
sample.obj : warning LNK4075: ignoring '/EDITANDCONTINUE' due to '/INCREMENTAL:NO' specification
  Sample.vcxproj -> C:\Users\yuanq\Downloads\CS550proj\qx_final\Debug\Sample.exe
